<?xml version="1.0" encoding="UTF-8"?>
<testsuite xmlns:xsi="http://www.w3.org/2001/XMLSchema-instance" xsi:noNamespaceSchemaLocation="https://maven.apache.org/surefire/maven-surefire-plugin/xsd/surefire-test-report.xsd" name="com.admin.AdminApplicationTests" time="46.136" tests="1" errors="0" skipped="0" failures="0">
  <properties>
    <property name="sun.desktop" value="windows"/>
    <property name="awt.toolkit" value="sun.awt.windows.WToolkit"/>
    <property name="file.encoding.pkg" value="sun.io"/>
    <property name="java.specification.version" value="1.8"/>
    <property name="sun.cpu.isalist" value="amd64"/>
    <property name="sun.jnu.encoding" value="GBK"/>
    <property name="java.class.path" value="D:\spring cloud\Project\admin\target\test-classes;D:\spring cloud\Project\admin\target\classes;D:\spring cloud\JetBrains\IntelliJ IDEA 2018.3\plugins\maven\lib\maven3\repository\org\springframework\boot\spring-boot-starter-web\2.1.5.RELEASE\spring-boot-starter-web-2.1.5.RELEASE.jar;D:\spring cloud\JetBrains\IntelliJ IDEA 2018.3\plugins\maven\lib\maven3\repository\org\springframework\boot\spring-boot-starter\2.1.5.RELEASE\spring-boot-starter-2.1.5.RELEASE.jar;D:\spring cloud\JetBrains\IntelliJ IDEA 2018.3\plugins\maven\lib\maven3\repository\org\springframework\boot\spring-boot-starter-logging\2.1.5.RELEASE\spring-boot-starter-logging-2.1.5.RELEASE.jar;D:\spring cloud\JetBrains\IntelliJ IDEA 2018.3\plugins\maven\lib\maven3\repository\ch\qos\logback\logback-classic\1.2.3\logback-classic-1.2.3.jar;D:\spring cloud\JetBrains\IntelliJ IDEA 2018.3\plugins\maven\lib\maven3\repository\ch\qos\logback\logback-core\1.2.3\logback-core-1.2.3.jar;D:\spring cloud\JetBrains\IntelliJ IDEA 2018.3\plugins\maven\lib\maven3\repository\org\apache\logging\log4j\log4j-to-slf4j\2.11.2\log4j-to-slf4j-2.11.2.jar;D:\spring cloud\JetBrains\IntelliJ IDEA 2018.3\plugins\maven\lib\maven3\repository\org\apache\logging\log4j\log4j-api\2.11.2\log4j-api-2.11.2.jar;D:\spring cloud\JetBrains\IntelliJ IDEA 2018.3\plugins\maven\lib\maven3\repository\org\slf4j\jul-to-slf4j\1.7.26\jul-to-slf4j-1.7.26.jar;D:\spring cloud\JetBrains\IntelliJ IDEA 2018.3\plugins\maven\lib\maven3\repository\javax\annotation\javax.annotation-api\1.3.2\javax.annotation-api-1.3.2.jar;D:\spring cloud\JetBrains\IntelliJ IDEA 2018.3\plugins\maven\lib\maven3\repository\org\yaml\snakeyaml\1.23\snakeyaml-1.23.jar;D:\spring cloud\JetBrains\IntelliJ IDEA 2018.3\plugins\maven\lib\maven3\repository\org\springframework\boot\spring-boot-starter-json\2.1.5.RELEASE\spring-boot-starter-json-2.1.5.RELEASE.jar;D:\spring cloud\JetBrains\IntelliJ IDEA 2018.3\plugins\maven\lib\maven3\repository\com\fasterxml\jackson\core\jackson-databind\2.9.8\jackson-databind-2.9.8.jar;D:\spring cloud\JetBrains\IntelliJ IDEA 2018.3\plugins\maven\lib\maven3\repository\com\fasterxml\jackson\core\jackson-annotations\2.9.0\jackson-annotations-2.9.0.jar;D:\spring cloud\JetBrains\IntelliJ IDEA 2018.3\plugins\maven\lib\maven3\repository\com\fasterxml\jackson\core\jackson-core\2.9.8\jackson-core-2.9.8.jar;D:\spring cloud\JetBrains\IntelliJ IDEA 2018.3\plugins\maven\lib\maven3\repository\com\fasterxml\jackson\datatype\jackson-datatype-jdk8\2.9.8\jackson-datatype-jdk8-2.9.8.jar;D:\spring cloud\JetBrains\IntelliJ IDEA 2018.3\plugins\maven\lib\maven3\repository\com\fasterxml\jackson\datatype\jackson-datatype-jsr310\2.9.8\jackson-datatype-jsr310-2.9.8.jar;D:\spring cloud\JetBrains\IntelliJ IDEA 2018.3\plugins\maven\lib\maven3\repository\com\fasterxml\jackson\module\jackson-module-parameter-names\2.9.8\jackson-module-parameter-names-2.9.8.jar;D:\spring cloud\JetBrains\IntelliJ IDEA 2018.3\plugins\maven\lib\maven3\repository\org\springframework\boot\spring-boot-starter-tomcat\2.1.5.RELEASE\spring-boot-starter-tomcat-2.1.5.RELEASE.jar;D:\spring cloud\JetBrains\IntelliJ IDEA 2018.3\plugins\maven\lib\maven3\repository\org\apache\tomcat\embed\tomcat-embed-core\9.0.19\tomcat-embed-core-9.0.19.jar;D:\spring cloud\JetBrains\IntelliJ IDEA 2018.3\plugins\maven\lib\maven3\repository\org\apache\tomcat\embed\tomcat-embed-el\9.0.19\tomcat-embed-el-9.0.19.jar;D:\spring cloud\JetBrains\IntelliJ IDEA 2018.3\plugins\maven\lib\maven3\repository\org\apache\tomcat\embed\tomcat-embed-websocket\9.0.19\tomcat-embed-websocket-9.0.19.jar;D:\spring cloud\JetBrains\IntelliJ IDEA 2018.3\plugins\maven\lib\maven3\repository\org\hibernate\validator\hibernate-validator\6.0.16.Final\hibernate-validator-6.0.16.Final.jar;D:\spring cloud\JetBrains\IntelliJ IDEA 2018.3\plugins\maven\lib\maven3\repository\javax\validation\validation-api\2.0.1.Final\validation-api-2.0.1.Final.jar;D:\spring cloud\JetBrains\IntelliJ IDEA 2018.3\plugins\maven\lib\maven3\repository\org\jboss\logging\jboss-logging\3.3.2.Final\jboss-logging-3.3.2.Final.jar;D:\spring cloud\JetBrains\IntelliJ IDEA 2018.3\plugins\maven\lib\maven3\repository\com\fasterxml\classmate\1.4.0\classmate-1.4.0.jar;D:\spring cloud\JetBrains\IntelliJ IDEA 2018.3\plugins\maven\lib\maven3\repository\org\springframework\spring-web\5.1.7.RELEASE\spring-web-5.1.7.RELEASE.jar;D:\spring cloud\JetBrains\IntelliJ IDEA 2018.3\plugins\maven\lib\maven3\repository\org\springframework\spring-beans\5.1.7.RELEASE\spring-beans-5.1.7.RELEASE.jar;D:\spring cloud\JetBrains\IntelliJ IDEA 2018.3\plugins\maven\lib\maven3\repository\org\springframework\spring-webmvc\5.1.7.RELEASE\spring-webmvc-5.1.7.RELEASE.jar;D:\spring cloud\JetBrains\IntelliJ IDEA 2018.3\plugins\maven\lib\maven3\repository\org\springframework\spring-aop\5.1.7.RELEASE\spring-aop-5.1.7.RELEASE.jar;D:\spring cloud\JetBrains\IntelliJ IDEA 2018.3\plugins\maven\lib\maven3\repository\org\springframework\spring-context\5.1.7.RELEASE\spring-context-5.1.7.RELEASE.jar;D:\spring cloud\JetBrains\IntelliJ IDEA 2018.3\plugins\maven\lib\maven3\repository\org\springframework\spring-expression\5.1.7.RELEASE\spring-expression-5.1.7.RELEASE.jar;D:\spring cloud\JetBrains\IntelliJ IDEA 2018.3\plugins\maven\lib\maven3\repository\org\springframework\boot\spring-boot-starter-test\2.1.5.RELEASE\spring-boot-starter-test-2.1.5.RELEASE.jar;D:\spring cloud\JetBrains\IntelliJ IDEA 2018.3\plugins\maven\lib\maven3\repository\org\springframework\boot\spring-boot-test\2.1.5.RELEASE\spring-boot-test-2.1.5.RELEASE.jar;D:\spring cloud\JetBrains\IntelliJ IDEA 2018.3\plugins\maven\lib\maven3\repository\org\springframework\boot\spring-boot-test-autoconfigure\2.1.5.RELEASE\spring-boot-test-autoconfigure-2.1.5.RELEASE.jar;D:\spring cloud\JetBrains\IntelliJ IDEA 2018.3\plugins\maven\lib\maven3\repository\com\jayway\jsonpath\json-path\2.4.0\json-path-2.4.0.jar;D:\spring cloud\JetBrains\IntelliJ IDEA 2018.3\plugins\maven\lib\maven3\repository\net\minidev\json-smart\2.3\json-smart-2.3.jar;D:\spring cloud\JetBrains\IntelliJ IDEA 2018.3\plugins\maven\lib\maven3\repository\net\minidev\accessors-smart\1.2\accessors-smart-1.2.jar;D:\spring cloud\JetBrains\IntelliJ IDEA 2018.3\plugins\maven\lib\maven3\repository\org\ow2\asm\asm\5.0.4\asm-5.0.4.jar;D:\spring cloud\JetBrains\IntelliJ IDEA 2018.3\plugins\maven\lib\maven3\repository\org\slf4j\slf4j-api\1.7.26\slf4j-api-1.7.26.jar;D:\spring cloud\JetBrains\IntelliJ IDEA 2018.3\plugins\maven\lib\maven3\repository\junit\junit\4.12\junit-4.12.jar;D:\spring cloud\JetBrains\IntelliJ IDEA 2018.3\plugins\maven\lib\maven3\repository\org\assertj\assertj-core\3.11.1\assertj-core-3.11.1.jar;D:\spring cloud\JetBrains\IntelliJ IDEA 2018.3\plugins\maven\lib\maven3\repository\org\mockito\mockito-core\2.23.4\mockito-core-2.23.4.jar;D:\spring cloud\JetBrains\IntelliJ IDEA 2018.3\plugins\maven\lib\maven3\repository\net\bytebuddy\byte-buddy\1.9.12\byte-buddy-1.9.12.jar;D:\spring cloud\JetBrains\IntelliJ IDEA 2018.3\plugins\maven\lib\maven3\repository\net\bytebuddy\byte-buddy-agent\1.9.12\byte-buddy-agent-1.9.12.jar;D:\spring cloud\JetBrains\IntelliJ IDEA 2018.3\plugins\maven\lib\maven3\repository\org\objenesis\objenesis\2.6\objenesis-2.6.jar;D:\spring cloud\JetBrains\IntelliJ IDEA 2018.3\plugins\maven\lib\maven3\repository\org\hamcrest\hamcrest-core\1.3\hamcrest-core-1.3.jar;D:\spring cloud\JetBrains\IntelliJ IDEA 2018.3\plugins\maven\lib\maven3\repository\org\hamcrest\hamcrest-library\1.3\hamcrest-library-1.3.jar;D:\spring cloud\JetBrains\IntelliJ IDEA 2018.3\plugins\maven\lib\maven3\repository\org\skyscreamer\jsonassert\1.5.0\jsonassert-1.5.0.jar;D:\spring cloud\JetBrains\IntelliJ IDEA 2018.3\plugins\maven\lib\maven3\repository\com\vaadin\external\google\android-json\0.0.20131108.vaadin1\android-json-0.0.20131108.vaadin1.jar;D:\spring cloud\JetBrains\IntelliJ IDEA 2018.3\plugins\maven\lib\maven3\repository\org\springframework\spring-core\5.1.7.RELEASE\spring-core-5.1.7.RELEASE.jar;D:\spring cloud\JetBrains\IntelliJ IDEA 2018.3\plugins\maven\lib\maven3\repository\org\springframework\spring-jcl\5.1.7.RELEASE\spring-jcl-5.1.7.RELEASE.jar;D:\spring cloud\JetBrains\IntelliJ IDEA 2018.3\plugins\maven\lib\maven3\repository\org\springframework\spring-test\5.1.7.RELEASE\spring-test-5.1.7.RELEASE.jar;D:\spring cloud\JetBrains\IntelliJ IDEA 2018.3\plugins\maven\lib\maven3\repository\org\xmlunit\xmlunit-core\2.6.2\xmlunit-core-2.6.2.jar;D:\spring cloud\JetBrains\IntelliJ IDEA 2018.3\plugins\maven\lib\maven3\repository\org\springframework\boot\spring-boot-starter-thymeleaf\2.1.5.RELEASE\spring-boot-starter-thymeleaf-2.1.5.RELEASE.jar;D:\spring cloud\JetBrains\IntelliJ IDEA 2018.3\plugins\maven\lib\maven3\repository\org\thymeleaf\thymeleaf-spring5\3.0.11.RELEASE\thymeleaf-spring5-3.0.11.RELEASE.jar;D:\spring cloud\JetBrains\IntelliJ IDEA 2018.3\plugins\maven\lib\maven3\repository\org\thymeleaf\thymeleaf\3.0.11.RELEASE\thymeleaf-3.0.11.RELEASE.jar;D:\spring cloud\JetBrains\IntelliJ IDEA 2018.3\plugins\maven\lib\maven3\repository\org\attoparser\attoparser\2.0.5.RELEASE\attoparser-2.0.5.RELEASE.jar;D:\spring cloud\JetBrains\IntelliJ IDEA 2018.3\plugins\maven\lib\maven3\repository\org\unbescape\unbescape\1.1.6.RELEASE\unbescape-1.1.6.RELEASE.jar;D:\spring cloud\JetBrains\IntelliJ IDEA 2018.3\plugins\maven\lib\maven3\repository\org\thymeleaf\extras\thymeleaf-extras-java8time\3.0.4.RELEASE\thymeleaf-extras-java8time-3.0.4.RELEASE.jar;D:\spring cloud\JetBrains\IntelliJ IDEA 2018.3\plugins\maven\lib\maven3\repository\org\springframework\boot\spring-boot-starter-data-jpa\2.1.5.RELEASE\spring-boot-starter-data-jpa-2.1.5.RELEASE.jar;D:\spring cloud\JetBrains\IntelliJ IDEA 2018.3\plugins\maven\lib\maven3\repository\org\springframework\boot\spring-boot-starter-aop\2.1.5.RELEASE\spring-boot-starter-aop-2.1.5.RELEASE.jar;D:\spring cloud\JetBrains\IntelliJ IDEA 2018.3\plugins\maven\lib\maven3\repository\org\aspectj\aspectjweaver\1.9.4\aspectjweaver-1.9.4.jar;D:\spring cloud\JetBrains\IntelliJ IDEA 2018.3\plugins\maven\lib\maven3\repository\org\springframework\boot\spring-boot-starter-jdbc\2.1.5.RELEASE\spring-boot-starter-jdbc-2.1.5.RELEASE.jar;D:\spring cloud\JetBrains\IntelliJ IDEA 2018.3\plugins\maven\lib\maven3\repository\com\zaxxer\HikariCP\3.2.0\HikariCP-3.2.0.jar;D:\spring cloud\JetBrains\IntelliJ IDEA 2018.3\plugins\maven\lib\maven3\repository\org\springframework\spring-jdbc\5.1.7.RELEASE\spring-jdbc-5.1.7.RELEASE.jar;D:\spring cloud\JetBrains\IntelliJ IDEA 2018.3\plugins\maven\lib\maven3\repository\javax\transaction\javax.transaction-api\1.3\javax.transaction-api-1.3.jar;D:\spring cloud\JetBrains\IntelliJ IDEA 2018.3\plugins\maven\lib\maven3\repository\javax\xml\bind\jaxb-api\2.3.1\jaxb-api-2.3.1.jar;D:\spring cloud\JetBrains\IntelliJ IDEA 2018.3\plugins\maven\lib\maven3\repository\javax\activation\javax.activation-api\1.2.0\javax.activation-api-1.2.0.jar;D:\spring cloud\JetBrains\IntelliJ IDEA 2018.3\plugins\maven\lib\maven3\repository\org\hibernate\hibernate-core\5.3.10.Final\hibernate-core-5.3.10.Final.jar;D:\spring cloud\JetBrains\IntelliJ IDEA 2018.3\plugins\maven\lib\maven3\repository\javax\persistence\javax.persistence-api\2.2\javax.persistence-api-2.2.jar;D:\spring cloud\JetBrains\IntelliJ IDEA 2018.3\plugins\maven\lib\maven3\repository\org\javassist\javassist\3.23.2-GA\javassist-3.23.2-GA.jar;D:\spring cloud\JetBrains\IntelliJ IDEA 2018.3\plugins\maven\lib\maven3\repository\antlr\antlr\2.7.7\antlr-2.7.7.jar;D:\spring cloud\JetBrains\IntelliJ IDEA 2018.3\plugins\maven\lib\maven3\repository\org\jboss\jandex\2.0.5.Final\jandex-2.0.5.Final.jar;D:\spring cloud\JetBrains\IntelliJ IDEA 2018.3\plugins\maven\lib\maven3\repository\org\dom4j\dom4j\2.1.1\dom4j-2.1.1.jar;D:\spring cloud\JetBrains\IntelliJ IDEA 2018.3\plugins\maven\lib\maven3\repository\org\hibernate\common\hibernate-commons-annotations\5.0.4.Final\hibernate-commons-annotations-5.0.4.Final.jar;D:\spring cloud\JetBrains\IntelliJ IDEA 2018.3\plugins\maven\lib\maven3\repository\org\springframework\data\spring-data-jpa\2.1.8.RELEASE\spring-data-jpa-2.1.8.RELEASE.jar;D:\spring cloud\JetBrains\IntelliJ IDEA 2018.3\plugins\maven\lib\maven3\repository\org\springframework\data\spring-data-commons\2.1.8.RELEASE\spring-data-commons-2.1.8.RELEASE.jar;D:\spring cloud\JetBrains\IntelliJ IDEA 2018.3\plugins\maven\lib\maven3\repository\org\springframework\spring-orm\5.1.7.RELEASE\spring-orm-5.1.7.RELEASE.jar;D:\spring cloud\JetBrains\IntelliJ IDEA 2018.3\plugins\maven\lib\maven3\repository\org\springframework\spring-tx\5.1.7.RELEASE\spring-tx-5.1.7.RELEASE.jar;D:\spring cloud\JetBrains\IntelliJ IDEA 2018.3\plugins\maven\lib\maven3\repository\org\springframework\spring-aspects\5.1.7.RELEASE\spring-aspects-5.1.7.RELEASE.jar;D:\spring cloud\JetBrains\IntelliJ IDEA 2018.3\plugins\maven\lib\maven3\repository\mysql\mysql-connector-java\8.0.16\mysql-connector-java-8.0.16.jar;D:\spring cloud\JetBrains\IntelliJ IDEA 2018.3\plugins\maven\lib\maven3\repository\org\springframework\boot\spring-boot-devtools\2.1.5.RELEASE\spring-boot-devtools-2.1.5.RELEASE.jar;D:\spring cloud\JetBrains\IntelliJ IDEA 2018.3\plugins\maven\lib\maven3\repository\org\springframework\boot\spring-boot\2.1.5.RELEASE\spring-boot-2.1.5.RELEASE.jar;D:\spring cloud\JetBrains\IntelliJ IDEA 2018.3\plugins\maven\lib\maven3\repository\org\springframework\boot\spring-boot-autoconfigure\2.1.5.RELEASE\spring-boot-autoconfigure-2.1.5.RELEASE.jar;"/>
    <property name="java.vm.vendor" value="Oracle Corporation"/>
    <property name="sun.arch.data.model" value="64"/>
    <property name="user.variant" value=""/>
    <property name="java.vendor.url" value="http://java.oracle.com/"/>
    <property name="user.timezone" value="Asia/Shanghai"/>
    <property name="java.vm.specification.version" value="1.8"/>
    <property name="os.name" value="Windows 7"/>
    <property name="user.country" value="CN"/>
    <property name="sun.java.launcher" value="SUN_STANDARD"/>
    <property name="sun.boot.library.path" value="D:\JAVA\JDK\jre\bin"/>
    <property name="sun.java.command" value="C:\Users\ADMINI~1\AppData\Local\Temp\surefire3132349721143469089\surefirebooter6437633509447374824.jar C:\Users\Administrator\AppData\Local\Temp\surefire3132349721143469089 2019-06-11T15-30-27_301-jvmRun1 surefire3344732609960170789tmp surefire_040506492600528101tmp"/>
    <property name="surefire.test.class.path" value="D:\spring cloud\Project\admin\target\test-classes;D:\spring cloud\Project\admin\target\classes;D:\spring cloud\JetBrains\IntelliJ IDEA 2018.3\plugins\maven\lib\maven3\repository\org\springframework\boot\spring-boot-starter-web\2.1.5.RELEASE\spring-boot-starter-web-2.1.5.RELEASE.jar;D:\spring cloud\JetBrains\IntelliJ IDEA 2018.3\plugins\maven\lib\maven3\repository\org\springframework\boot\spring-boot-starter\2.1.5.RELEASE\spring-boot-starter-2.1.5.RELEASE.jar;D:\spring cloud\JetBrains\IntelliJ IDEA 2018.3\plugins\maven\lib\maven3\repository\org\springframework\boot\spring-boot-starter-logging\2.1.5.RELEASE\spring-boot-starter-logging-2.1.5.RELEASE.jar;D:\spring cloud\JetBrains\IntelliJ IDEA 2018.3\plugins\maven\lib\maven3\repository\ch\qos\logback\logback-classic\1.2.3\logback-classic-1.2.3.jar;D:\spring cloud\JetBrains\IntelliJ IDEA 2018.3\plugins\maven\lib\maven3\repository\ch\qos\logback\logback-core\1.2.3\logback-core-1.2.3.jar;D:\spring cloud\JetBrains\IntelliJ IDEA 2018.3\plugins\maven\lib\maven3\repository\org\apache\logging\log4j\log4j-to-slf4j\2.11.2\log4j-to-slf4j-2.11.2.jar;D:\spring cloud\JetBrains\IntelliJ IDEA 2018.3\plugins\maven\lib\maven3\repository\org\apache\logging\log4j\log4j-api\2.11.2\log4j-api-2.11.2.jar;D:\spring cloud\JetBrains\IntelliJ IDEA 2018.3\plugins\maven\lib\maven3\repository\org\slf4j\jul-to-slf4j\1.7.26\jul-to-slf4j-1.7.26.jar;D:\spring cloud\JetBrains\IntelliJ IDEA 2018.3\plugins\maven\lib\maven3\repository\javax\annotation\javax.annotation-api\1.3.2\javax.annotation-api-1.3.2.jar;D:\spring cloud\JetBrains\IntelliJ IDEA 2018.3\plugins\maven\lib\maven3\repository\org\yaml\snakeyaml\1.23\snakeyaml-1.23.jar;D:\spring cloud\JetBrains\IntelliJ IDEA 2018.3\plugins\maven\lib\maven3\repository\org\springframework\boot\spring-boot-starter-json\2.1.5.RELEASE\spring-boot-starter-json-2.1.5.RELEASE.jar;D:\spring cloud\JetBrains\IntelliJ IDEA 2018.3\plugins\maven\lib\maven3\repository\com\fasterxml\jackson\core\jackson-databind\2.9.8\jackson-databind-2.9.8.jar;D:\spring cloud\JetBrains\IntelliJ IDEA 2018.3\plugins\maven\lib\maven3\repository\com\fasterxml\jackson\core\jackson-annotations\2.9.0\jackson-annotations-2.9.0.jar;D:\spring cloud\JetBrains\IntelliJ IDEA 2018.3\plugins\maven\lib\maven3\repository\com\fasterxml\jackson\core\jackson-core\2.9.8\jackson-core-2.9.8.jar;D:\spring cloud\JetBrains\IntelliJ IDEA 2018.3\plugins\maven\lib\maven3\repository\com\fasterxml\jackson\datatype\jackson-datatype-jdk8\2.9.8\jackson-datatype-jdk8-2.9.8.jar;D:\spring cloud\JetBrains\IntelliJ IDEA 2018.3\plugins\maven\lib\maven3\repository\com\fasterxml\jackson\datatype\jackson-datatype-jsr310\2.9.8\jackson-datatype-jsr310-2.9.8.jar;D:\spring cloud\JetBrains\IntelliJ IDEA 2018.3\plugins\maven\lib\maven3\repository\com\fasterxml\jackson\module\jackson-module-parameter-names\2.9.8\jackson-module-parameter-names-2.9.8.jar;D:\spring cloud\JetBrains\IntelliJ IDEA 2018.3\plugins\maven\lib\maven3\repository\org\springframework\boot\spring-boot-starter-tomcat\2.1.5.RELEASE\spring-boot-starter-tomcat-2.1.5.RELEASE.jar;D:\spring cloud\JetBrains\IntelliJ IDEA 2018.3\plugins\maven\lib\maven3\repository\org\apache\tomcat\embed\tomcat-embed-core\9.0.19\tomcat-embed-core-9.0.19.jar;D:\spring cloud\JetBrains\IntelliJ IDEA 2018.3\plugins\maven\lib\maven3\repository\org\apache\tomcat\embed\tomcat-embed-el\9.0.19\tomcat-embed-el-9.0.19.jar;D:\spring cloud\JetBrains\IntelliJ IDEA 2018.3\plugins\maven\lib\maven3\repository\org\apache\tomcat\embed\tomcat-embed-websocket\9.0.19\tomcat-embed-websocket-9.0.19.jar;D:\spring cloud\JetBrains\IntelliJ IDEA 2018.3\plugins\maven\lib\maven3\repository\org\hibernate\validator\hibernate-validator\6.0.16.Final\hibernate-validator-6.0.16.Final.jar;D:\spring cloud\JetBrains\IntelliJ IDEA 2018.3\plugins\maven\lib\maven3\repository\javax\validation\validation-api\2.0.1.Final\validation-api-2.0.1.Final.jar;D:\spring cloud\JetBrains\IntelliJ IDEA 2018.3\plugins\maven\lib\maven3\repository\org\jboss\logging\jboss-logging\3.3.2.Final\jboss-logging-3.3.2.Final.jar;D:\spring cloud\JetBrains\IntelliJ IDEA 2018.3\plugins\maven\lib\maven3\repository\com\fasterxml\classmate\1.4.0\classmate-1.4.0.jar;D:\spring cloud\JetBrains\IntelliJ IDEA 2018.3\plugins\maven\lib\maven3\repository\org\springframework\spring-web\5.1.7.RELEASE\spring-web-5.1.7.RELEASE.jar;D:\spring cloud\JetBrains\IntelliJ IDEA 2018.3\plugins\maven\lib\maven3\repository\org\springframework\spring-beans\5.1.7.RELEASE\spring-beans-5.1.7.RELEASE.jar;D:\spring cloud\JetBrains\IntelliJ IDEA 2018.3\plugins\maven\lib\maven3\repository\org\springframework\spring-webmvc\5.1.7.RELEASE\spring-webmvc-5.1.7.RELEASE.jar;D:\spring cloud\JetBrains\IntelliJ IDEA 2018.3\plugins\maven\lib\maven3\repository\org\springframework\spring-aop\5.1.7.RELEASE\spring-aop-5.1.7.RELEASE.jar;D:\spring cloud\JetBrains\IntelliJ IDEA 2018.3\plugins\maven\lib\maven3\repository\org\springframework\spring-context\5.1.7.RELEASE\spring-context-5.1.7.RELEASE.jar;D:\spring cloud\JetBrains\IntelliJ IDEA 2018.3\plugins\maven\lib\maven3\repository\org\springframework\spring-expression\5.1.7.RELEASE\spring-expression-5.1.7.RELEASE.jar;D:\spring cloud\JetBrains\IntelliJ IDEA 2018.3\plugins\maven\lib\maven3\repository\org\springframework\boot\spring-boot-starter-test\2.1.5.RELEASE\spring-boot-starter-test-2.1.5.RELEASE.jar;D:\spring cloud\JetBrains\IntelliJ IDEA 2018.3\plugins\maven\lib\maven3\repository\org\springframework\boot\spring-boot-test\2.1.5.RELEASE\spring-boot-test-2.1.5.RELEASE.jar;D:\spring cloud\JetBrains\IntelliJ IDEA 2018.3\plugins\maven\lib\maven3\repository\org\springframework\boot\spring-boot-test-autoconfigure\2.1.5.RELEASE\spring-boot-test-autoconfigure-2.1.5.RELEASE.jar;D:\spring cloud\JetBrains\IntelliJ IDEA 2018.3\plugins\maven\lib\maven3\repository\com\jayway\jsonpath\json-path\2.4.0\json-path-2.4.0.jar;D:\spring cloud\JetBrains\IntelliJ IDEA 2018.3\plugins\maven\lib\maven3\repository\net\minidev\json-smart\2.3\json-smart-2.3.jar;D:\spring cloud\JetBrains\IntelliJ IDEA 2018.3\plugins\maven\lib\maven3\repository\net\minidev\accessors-smart\1.2\accessors-smart-1.2.jar;D:\spring cloud\JetBrains\IntelliJ IDEA 2018.3\plugins\maven\lib\maven3\repository\org\ow2\asm\asm\5.0.4\asm-5.0.4.jar;D:\spring cloud\JetBrains\IntelliJ IDEA 2018.3\plugins\maven\lib\maven3\repository\org\slf4j\slf4j-api\1.7.26\slf4j-api-1.7.26.jar;D:\spring cloud\JetBrains\IntelliJ IDEA 2018.3\plugins\maven\lib\maven3\repository\junit\junit\4.12\junit-4.12.jar;D:\spring cloud\JetBrains\IntelliJ IDEA 2018.3\plugins\maven\lib\maven3\repository\org\assertj\assertj-core\3.11.1\assertj-core-3.11.1.jar;D:\spring cloud\JetBrains\IntelliJ IDEA 2018.3\plugins\maven\lib\maven3\repository\org\mockito\mockito-core\2.23.4\mockito-core-2.23.4.jar;D:\spring cloud\JetBrains\IntelliJ IDEA 2018.3\plugins\maven\lib\maven3\repository\net\bytebuddy\byte-buddy\1.9.12\byte-buddy-1.9.12.jar;D:\spring cloud\JetBrains\IntelliJ IDEA 2018.3\plugins\maven\lib\maven3\repository\net\bytebuddy\byte-buddy-agent\1.9.12\byte-buddy-agent-1.9.12.jar;D:\spring cloud\JetBrains\IntelliJ IDEA 2018.3\plugins\maven\lib\maven3\repository\org\objenesis\objenesis\2.6\objenesis-2.6.jar;D:\spring cloud\JetBrains\IntelliJ IDEA 2018.3\plugins\maven\lib\maven3\repository\org\hamcrest\hamcrest-core\1.3\hamcrest-core-1.3.jar;D:\spring cloud\JetBrains\IntelliJ IDEA 2018.3\plugins\maven\lib\maven3\repository\org\hamcrest\hamcrest-library\1.3\hamcrest-library-1.3.jar;D:\spring cloud\JetBrains\IntelliJ IDEA 2018.3\plugins\maven\lib\maven3\repository\org\skyscreamer\jsonassert\1.5.0\jsonassert-1.5.0.jar;D:\spring cloud\JetBrains\IntelliJ IDEA 2018.3\plugins\maven\lib\maven3\repository\com\vaadin\external\google\android-json\0.0.20131108.vaadin1\android-json-0.0.20131108.vaadin1.jar;D:\spring cloud\JetBrains\IntelliJ IDEA 2018.3\plugins\maven\lib\maven3\repository\org\springframework\spring-core\5.1.7.RELEASE\spring-core-5.1.7.RELEASE.jar;D:\spring cloud\JetBrains\IntelliJ IDEA 2018.3\plugins\maven\lib\maven3\repository\org\springframework\spring-jcl\5.1.7.RELEASE\spring-jcl-5.1.7.RELEASE.jar;D:\spring cloud\JetBrains\IntelliJ IDEA 2018.3\plugins\maven\lib\maven3\repository\org\springframework\spring-test\5.1.7.RELEASE\spring-test-5.1.7.RELEASE.jar;D:\spring cloud\JetBrains\IntelliJ IDEA 2018.3\plugins\maven\lib\maven3\repository\org\xmlunit\xmlunit-core\2.6.2\xmlunit-core-2.6.2.jar;D:\spring cloud\JetBrains\IntelliJ IDEA 2018.3\plugins\maven\lib\maven3\repository\org\springframework\boot\spring-boot-starter-thymeleaf\2.1.5.RELEASE\spring-boot-starter-thymeleaf-2.1.5.RELEASE.jar;D:\spring cloud\JetBrains\IntelliJ IDEA 2018.3\plugins\maven\lib\maven3\repository\org\thymeleaf\thymeleaf-spring5\3.0.11.RELEASE\thymeleaf-spring5-3.0.11.RELEASE.jar;D:\spring cloud\JetBrains\IntelliJ IDEA 2018.3\plugins\maven\lib\maven3\repository\org\thymeleaf\thymeleaf\3.0.11.RELEASE\thymeleaf-3.0.11.RELEASE.jar;D:\spring cloud\JetBrains\IntelliJ IDEA 2018.3\plugins\maven\lib\maven3\repository\org\attoparser\attoparser\2.0.5.RELEASE\attoparser-2.0.5.RELEASE.jar;D:\spring cloud\JetBrains\IntelliJ IDEA 2018.3\plugins\maven\lib\maven3\repository\org\unbescape\unbescape\1.1.6.RELEASE\unbescape-1.1.6.RELEASE.jar;D:\spring cloud\JetBrains\IntelliJ IDEA 2018.3\plugins\maven\lib\maven3\repository\org\thymeleaf\extras\thymeleaf-extras-java8time\3.0.4.RELEASE\thymeleaf-extras-java8time-3.0.4.RELEASE.jar;D:\spring cloud\JetBrains\IntelliJ IDEA 2018.3\plugins\maven\lib\maven3\repository\org\springframework\boot\spring-boot-starter-data-jpa\2.1.5.RELEASE\spring-boot-starter-data-jpa-2.1.5.RELEASE.jar;D:\spring cloud\JetBrains\IntelliJ IDEA 2018.3\plugins\maven\lib\maven3\repository\org\springframework\boot\spring-boot-starter-aop\2.1.5.RELEASE\spring-boot-starter-aop-2.1.5.RELEASE.jar;D:\spring cloud\JetBrains\IntelliJ IDEA 2018.3\plugins\maven\lib\maven3\repository\org\aspectj\aspectjweaver\1.9.4\aspectjweaver-1.9.4.jar;D:\spring cloud\JetBrains\IntelliJ IDEA 2018.3\plugins\maven\lib\maven3\repository\org\springframework\boot\spring-boot-starter-jdbc\2.1.5.RELEASE\spring-boot-starter-jdbc-2.1.5.RELEASE.jar;D:\spring cloud\JetBrains\IntelliJ IDEA 2018.3\plugins\maven\lib\maven3\repository\com\zaxxer\HikariCP\3.2.0\HikariCP-3.2.0.jar;D:\spring cloud\JetBrains\IntelliJ IDEA 2018.3\plugins\maven\lib\maven3\repository\org\springframework\spring-jdbc\5.1.7.RELEASE\spring-jdbc-5.1.7.RELEASE.jar;D:\spring cloud\JetBrains\IntelliJ IDEA 2018.3\plugins\maven\lib\maven3\repository\javax\transaction\javax.transaction-api\1.3\javax.transaction-api-1.3.jar;D:\spring cloud\JetBrains\IntelliJ IDEA 2018.3\plugins\maven\lib\maven3\repository\javax\xml\bind\jaxb-api\2.3.1\jaxb-api-2.3.1.jar;D:\spring cloud\JetBrains\IntelliJ IDEA 2018.3\plugins\maven\lib\maven3\repository\javax\activation\javax.activation-api\1.2.0\javax.activation-api-1.2.0.jar;D:\spring cloud\JetBrains\IntelliJ IDEA 2018.3\plugins\maven\lib\maven3\repository\org\hibernate\hibernate-core\5.3.10.Final\hibernate-core-5.3.10.Final.jar;D:\spring cloud\JetBrains\IntelliJ IDEA 2018.3\plugins\maven\lib\maven3\repository\javax\persistence\javax.persistence-api\2.2\javax.persistence-api-2.2.jar;D:\spring cloud\JetBrains\IntelliJ IDEA 2018.3\plugins\maven\lib\maven3\repository\org\javassist\javassist\3.23.2-GA\javassist-3.23.2-GA.jar;D:\spring cloud\JetBrains\IntelliJ IDEA 2018.3\plugins\maven\lib\maven3\repository\antlr\antlr\2.7.7\antlr-2.7.7.jar;D:\spring cloud\JetBrains\IntelliJ IDEA 2018.3\plugins\maven\lib\maven3\repository\org\jboss\jandex\2.0.5.Final\jandex-2.0.5.Final.jar;D:\spring cloud\JetBrains\IntelliJ IDEA 2018.3\plugins\maven\lib\maven3\repository\org\dom4j\dom4j\2.1.1\dom4j-2.1.1.jar;D:\spring cloud\JetBrains\IntelliJ IDEA 2018.3\plugins\maven\lib\maven3\repository\org\hibernate\common\hibernate-commons-annotations\5.0.4.Final\hibernate-commons-annotations-5.0.4.Final.jar;D:\spring cloud\JetBrains\IntelliJ IDEA 2018.3\plugins\maven\lib\maven3\repository\org\springframework\data\spring-data-jpa\2.1.8.RELEASE\spring-data-jpa-2.1.8.RELEASE.jar;D:\spring cloud\JetBrains\IntelliJ IDEA 2018.3\plugins\maven\lib\maven3\repository\org\springframework\data\spring-data-commons\2.1.8.RELEASE\spring-data-commons-2.1.8.RELEASE.jar;D:\spring cloud\JetBrains\IntelliJ IDEA 2018.3\plugins\maven\lib\maven3\repository\org\springframework\spring-orm\5.1.7.RELEASE\spring-orm-5.1.7.RELEASE.jar;D:\spring cloud\JetBrains\IntelliJ IDEA 2018.3\plugins\maven\lib\maven3\repository\org\springframework\spring-tx\5.1.7.RELEASE\spring-tx-5.1.7.RELEASE.jar;D:\spring cloud\JetBrains\IntelliJ IDEA 2018.3\plugins\maven\lib\maven3\repository\org\springframework\spring-aspects\5.1.7.RELEASE\spring-aspects-5.1.7.RELEASE.jar;D:\spring cloud\JetBrains\IntelliJ IDEA 2018.3\plugins\maven\lib\maven3\repository\mysql\mysql-connector-java\8.0.16\mysql-connector-java-8.0.16.jar;D:\spring cloud\JetBrains\IntelliJ IDEA 2018.3\plugins\maven\lib\maven3\repository\org\springframework\boot\spring-boot-devtools\2.1.5.RELEASE\spring-boot-devtools-2.1.5.RELEASE.jar;D:\spring cloud\JetBrains\IntelliJ IDEA 2018.3\plugins\maven\lib\maven3\repository\org\springframework\boot\spring-boot\2.1.5.RELEASE\spring-boot-2.1.5.RELEASE.jar;D:\spring cloud\JetBrains\IntelliJ IDEA 2018.3\plugins\maven\lib\maven3\repository\org\springframework\boot\spring-boot-autoconfigure\2.1.5.RELEASE\spring-boot-autoconfigure-2.1.5.RELEASE.jar;"/>
    <property name="sun.cpu.endian" value="little"/>
    <property name="user.home" value="C:\Users\Administrator"/>
    <property name="user.language" value="zh"/>
    <property name="java.specification.vendor" value="Oracle Corporation"/>
    <property name="java.home" value="D:\JAVA\JDK\jre"/>
    <property name="basedir" value="D:\spring cloud\Project\admin"/>
    <property name="file.separator" value="\"/>
    <property name="line.separator" value="&#10;"/>
    <property name="java.vm.specification.vendor" value="Oracle Corporation"/>
    <property name="java.specification.name" value="Java Platform API Specification"/>
    <property name="java.awt.graphicsenv" value="sun.awt.Win32GraphicsEnvironment"/>
    <property name="surefire.real.class.path" value="C:\Users\ADMINI~1\AppData\Local\Temp\surefire3132349721143469089\surefirebooter6437633509447374824.jar"/>
    <property name="sun.boot.class.path" value="D:\JAVA\JDK\jre\lib\resources.jar;D:\JAVA\JDK\jre\lib\rt.jar;D:\JAVA\JDK\jre\lib\sunrsasign.jar;D:\JAVA\JDK\jre\lib\jsse.jar;D:\JAVA\JDK\jre\lib\jce.jar;D:\JAVA\JDK\jre\lib\charsets.jar;D:\JAVA\JDK\jre\lib\jfr.jar;D:\JAVA\JDK\jre\classes"/>
    <property name="user.script" value=""/>
    <property name="sun.management.compiler" value="HotSpot 64-Bit Tiered Compilers"/>
    <property name="java.runtime.version" value="1.8.0_144-b01"/>
    <property name="user.name" value="Administrator"/>
    <property name="path.separator" value=";"/>
    <property name="os.version" value="6.1"/>
    <property name="java.endorsed.dirs" value="D:\JAVA\JDK\jre\lib\endorsed"/>
    <property name="java.runtime.name" value="Java(TM) SE Runtime Environment"/>
    <property name="file.encoding" value="GBK"/>
    <property name="java.vm.name" value="Java HotSpot(TM) 64-Bit Server VM"/>
    <property name="localRepository" value="D:\spring cloud\JetBrains\IntelliJ IDEA 2018.3\plugins\maven\lib\maven3\repository"/>
    <property name="java.vendor.url.bug" value="http://bugreport.sun.com/bugreport/"/>
    <property name="java.io.tmpdir" value="C:\Users\ADMINI~1\AppData\Local\Temp\"/>
    <property name="idea.version" value="2018.3"/>
    <property name="java.version" value="1.8.0_144"/>
    <property name="user.dir" value="D:\spring cloud\Project\admin"/>
    <property name="os.arch" value="amd64"/>
    <property name="java.vm.specification.name" value="Java Virtual Machine Specification"/>
    <property name="java.awt.printerjob" value="sun.awt.windows.WPrinterJob"/>
    <property name="sun.os.patch.level" value="Service Pack 1"/>
    <property name="java.library.path" value="D:\JAVA\JDK\jre\bin;C:\windows\Sun\Java\bin;C:\windows\system32;C:\windows;C:\ProgramData\Oracle\Java\javapath;C:\Program Files (x86)\NVIDIA Corporation\PhysX\Common;C:\Program Files (x86)\Intel\iCLS Client\;C:\Program Files\Intel\iCLS Client\;C:\windows\system32;C:\windows;C:\windows\System32\Wbem;C:\windows\System32\WindowsPowerShell\v1.0\;C:\Program Files\Intel\Intel(R) Management Engine Components\DAL;C:\Program Files\Intel\Intel(R) Management Engine Components\IPT;C:\Program Files (x86)\Intel\Intel(R) Management Engine Components\DAL;C:\Program Files (x86)\Intel\Intel(R) Management Engine Components\IPT;%QUARTUS_ROOTDIR%\bin;C:\Program Files (x86)\Microsoft SQL Server\90\Tools\binn\;D:\JAVA\JDK\bin;D:\JAVA\JDK\jre\bin;C:\Program Files\Microsoft SQL Server\110\Tools\Binn\;C:\Program Files\Microsoft SQL Server\120\Tools\Binn\;C:\Program Files\dotnet\;C:\Program Files\Microsoft SQL Server\130\Tools\Binn\;D:\C Language Tool\TDM-GCC-64\bin;E:\Mysql\mysql\bin;D:\Qt-project\QTcreate\5.9.3\mingw53_32\bin;D:\Qt-project\QTcreate\Tools\mingw530_32\bin;E:\Python\Python3.7;E:\Python\Python3.7\Scripts;C:\Users\Administrator\AppData\Local\Google\Chrome\Application;D:\spring cloud\Git\cmd;D:\spring cloud\apache-maven-3.6.0\bin;E:\Python\python\Scripts\;E:\Python\python\;D:\JAVA\JDK\bin;E:\Mysql\mysql\mysql-5.7.17-winx64\bin;."/>
    <property name="java.vm.info" value="mixed mode"/>
    <property name="java.vendor" value="Oracle Corporation"/>
    <property name="java.vm.version" value="25.144-b01"/>
    <property name="java.ext.dirs" value="D:\JAVA\JDK\jre\lib\ext;C:\windows\Sun\Java\lib\ext"/>
    <property name="sun.io.unicode.encoding" value="UnicodeLittle"/>
    <property name="maven.repo.local" value="D:/spring cloud/JetBrains/IntelliJ IDEA 2018.3/plugins/maven/lib/maven3/repository"/>
    <property name="java.class.version" value="52.0"/>
  </properties>
  <testcase name="contextLoads" classname="com.admin.AdminApplicationTests" time="0.193"/>
</testsuite>